<?xml version="1.0" encoding="UTF-8"?>
<testsuite name="com.dineshonjava.sbsecurity.SpringBootSecurityApplicationTests" time="0.027" tests="1" errors="0" skipped="0" failures="0">
  <properties>
    <property name="java.runtime.name" value="OpenJDK Runtime Environment"/>
    <property name="sun.boot.library.path" value="D:\Users\apande35\work\tools\OpenJDK-1.8.44\jre\bin"/>
    <property name="java.vm.version" value="25.144-b01"/>
    <property name="user.country.format" value="NL"/>
    <property name="java.vm.vendor" value="Oracle Corporation"/>
    <property name="maven.multiModuleProjectDirectory" value="D:\Users\apande35\work\projects\SpringBootSecurity-master"/>
    <property name="java.vendor.url" value="http://java.oracle.com/"/>
    <property name="path.separator" value=";"/>
    <property name="guice.disable.misplaced.annotation.check" value="true"/>
    <property name="java.vm.name" value="OpenJDK 64-Bit Server VM"/>
    <property name="file.encoding.pkg" value="sun.io"/>
    <property name="user.script" value=""/>
    <property name="user.country" value="US"/>
    <property name="sun.java.launcher" value="SUN_STANDARD"/>
    <property name="sun.os.patch.level" value="Service Pack 1"/>
    <property name="java.vm.specification.name" value="Java Virtual Machine Specification"/>
    <property name="user.dir" value="D:\Users\apande35\work\projects\SpringBootSecurity-master"/>
    <property name="java.runtime.version" value="1.8.0_144-1-redhat-b01"/>
    <property name="java.awt.graphicsenv" value="sun.awt.Win32GraphicsEnvironment"/>
    <property name="java.endorsed.dirs" value="D:\Users\apande35\work\tools\OpenJDK-1.8.44\jre\lib\endorsed"/>
    <property name="os.arch" value="amd64"/>
    <property name="java.io.tmpdir" value="C:\Users\apande35\AppData\Local\Temp\"/>
    <property name="line.separator" value="&#10;"/>
    <property name="java.vm.specification.vendor" value="Oracle Corporation"/>
    <property name="user.variant" value=""/>
    <property name="os.name" value="Windows 7"/>
    <property name="classworlds.conf" value="D:\Users\apande35\work\workspace\.metadata\.plugins\org.eclipse.m2e.launching\launches\m2conf11877831881463574170.tmp"/>
    <property name="sun.jnu.encoding" value="Cp1252"/>
    <property name="java.library.path" value="D:\Users\apande35\work\tools\OpenJDK-1.8.44\bin;C:\WINDOWS\Sun\Java\bin;C:\WINDOWS\system32;C:\WINDOWS;C:\ProgramData\Oracle\Java\javapath;C:\WINDOWS\system32;C:\WINDOWS;C:\WINDOWS\System32\Wbem;C:\WINDOWS\System32\WindowsPowerShell\v1.0\;C:\WINDOWS\System32\WindowsPowerShell\v1.0\;D:\Users\apande35\Downloads\OpenJDK-1.8.44\bin;D:\Users\apande35\work\tools\NodeJs\;C:\Users\apande35\work\jdk-9.01\bin;D:\Users\apande35\Downloads\eclipse\apache-maven-3.5.0\bin;C:\Users\apande35\AppData\Roaming\npm;."/>
    <property name="java.specification.name" value="Java Platform API Specification"/>
    <property name="java.class.version" value="52.0"/>
    <property name="sun.management.compiler" value="HotSpot 64-Bit Tiered Compilers"/>
    <property name="os.version" value="6.1"/>
    <property name="library.jansi.path" value="D:\Users\apande35\work\tools\eclipse\apache-maven-3.5.0\lib\jansi-native\windows64"/>
    <property name="user.home" value="C:\Users\apande35"/>
    <property name="user.timezone" value="GMT+01:00"/>
    <property name="java.awt.printerjob" value="sun.awt.windows.WPrinterJob"/>
    <property name="java.specification.version" value="1.8"/>
    <property name="file.encoding" value="Cp1252"/>
    <property name="user.name" value="apande35"/>
    <property name="java.class.path" value="D:\Users\apande35\work\tools\eclipse\apache-maven-3.5.0\boot\plexus-classworlds-2.5.2.jar"/>
    <property name="java.vm.specification.version" value="1.8"/>
    <property name="sun.arch.data.model" value="64"/>
    <property name="java.home" value="D:\Users\apande35\work\tools\OpenJDK-1.8.44\jre"/>
    <property name="sun.java.command" value="org.codehaus.plexus.classworlds.launcher.Launcher -B -gs D:\Users\apande35\work\tools\eclipse\settings.xml -s D:\Users\apande35\work\tools\eclipse\settings.xml install"/>
    <property name="java.specification.vendor" value="Oracle Corporation"/>
    <property name="user.language" value="en"/>
    <property name="user.language.format" value="nl"/>
    <property name="awt.toolkit" value="sun.awt.windows.WToolkit"/>
    <property name="java.vm.info" value="mixed mode"/>
    <property name="java.version" value="1.8.0_144-1-redhat"/>
    <property name="java.ext.dirs" value="D:\Users\apande35\work\tools\OpenJDK-1.8.44\jre\lib\ext;C:\WINDOWS\Sun\Java\lib\ext"/>
    <property name="sun.boot.class.path" value="D:\Users\apande35\work\tools\OpenJDK-1.8.44\jre\lib\resources.jar;D:\Users\apande35\work\tools\OpenJDK-1.8.44\jre\lib\rt.jar;D:\Users\apande35\work\tools\OpenJDK-1.8.44\jre\lib\sunrsasign.jar;D:\Users\apande35\work\tools\OpenJDK-1.8.44\jre\lib\jsse.jar;D:\Users\apande35\work\tools\OpenJDK-1.8.44\jre\lib\jce.jar;D:\Users\apande35\work\tools\OpenJDK-1.8.44\jre\lib\charsets.jar;D:\Users\apande35\work\tools\OpenJDK-1.8.44\jre\lib\jfr.jar;D:\Users\apande35\work\tools\OpenJDK-1.8.44\jre\classes"/>
    <property name="java.vendor" value="Oracle Corporation"/>
    <property name="maven.home" value="D:\Users\apande35\work\tools\eclipse\apache-maven-3.5.0"/>
    <property name="file.separator" value="\"/>
    <property name="java.vendor.url.bug" value="http://bugreport.sun.com/bugreport/"/>
    <property name="sun.cpu.endian" value="little"/>
    <property name="sun.io.unicode.encoding" value="UnicodeLittle"/>
    <property name="sun.desktop" value="windows"/>
    <property name="sun.cpu.isalist" value="amd64"/>
  </properties>
  <testcase name="contextLoads" classname="com.dineshonjava.sbsecurity.SpringBootSecurityApplicationTests" time="0.027"/>
</testsuite>